Using pre-set license
Built from '2021.1/china_unity/release' branch; Version is '2021.1.5f1c1 (6e5a93ddf9be) revision 7232147'; Using compiler version '192528614'; Build Type 'Release'
OS: 'Windows 10 Home; OS build 19042.928; Version 2009; 64bit' Language: 'zh' Physical Memory: 16224 MB
BatchMode: 1, IsHumanControllingUs: 0, StartBugReporterOnCrash: 0, Is64bit: 1, IsPro: 0

 COMMAND LINE ARGUMENTS:
C:\Program Files\Unity\Hub\Editor\2021.1.5f1c1\Editor\Unity.exe
-adb2
-batchMode
-noUpm
-name
AssetImportWorker0
-projectPath
D:/Unity/工程文件/Face
-logFile
Logs/AssetImportWorker0.log
-srvPort
11482
Successfully changed project path to: D:/Unity/工程文件/Face
D:/Unity/工程文件/Face
Using Asset Import Pipeline V2.
Refreshing native plugins compatible for Editor in 69.59 ms, found 0 plugins.
Preloading 0 native plugins for Editor in 0.00 ms.
Initialize engine version: 2021.1.5f1c1 (6e5a93ddf9be)
[Subsystems] Discovering subsystems at path C:/Program Files/Unity/Hub/Editor/2021.1.5f1c1/Editor/Data/Resources/UnitySubsystems
[Subsystems] Discovering subsystems at path D:/Unity/工程文件/Face/Assets
GfxDevice: creating device client; threaded=0; jobified=0
Direct3D:
    Version:  Direct3D 11.0 [level 11.1]
    Renderer: NVIDIA GeForce GTX 1650 (ID=0x1f91)
    Vendor:   NVIDIA
    VRAM:     3962 MB
    Driver:   27.21.14.5766
Shader 'Universal Render Pipeline/Particles/Lit': fallback shader 'Universal Render Pipeline/Particles/SimpleLit' not found
Initialize mono
Mono path[0] = 'C:/Program Files/Unity/Hub/Editor/2021.1.5f1c1/Editor/Data/Managed'
Mono path[1] = 'C:/Program Files/Unity/Hub/Editor/2021.1.5f1c1/Editor/Data/MonoBleedingEdge/lib/mono/unityjit'
Mono config path = 'C:/Program Files/Unity/Hub/Editor/2021.1.5f1c1/Editor/Data/MonoBleedingEdge/etc'
Using monoOptions --debugger-agent=transport=dt_socket,embedding=1,server=y,suspend=n,address=127.0.0.1:56796
Begin MonoManager ReloadAssembly
Registering precompiled unity dll's ...
Register platform support module: C:/Program Files/Unity/Hub/Editor/2021.1.5f1c1/Editor/Data/PlaybackEngines/WindowsStandaloneSupport/UnityEditor.WindowsStandalone.Extensions.dll
Registered in 0.002223 seconds.
Native extension for WindowsStandalone target not found
Refreshing native plugins compatible for Editor in 73.99 ms, found 0 plugins.
Preloading 0 native plugins for Editor in 0.00 ms.
Mono: successfully reloaded assembly
- Completed reload, in  1.008 seconds
Platform modules already initialized, skipping
Registering precompiled user dll's ...
Registered in 0.000911 seconds.
Begin MonoManager ReloadAssembly
Native extension for WindowsStandalone target not found
Refreshing native plugins compatible for Editor in 100.96 ms, found 0 plugins.
Preloading 0 native plugins for Editor in 0.00 ms.
Mono: successfully reloaded assembly
- Completed reload, in  1.098 seconds
Platform modules already initialized, skipping
========================================================================
Worker process is ready to serve import requests
Shader 'Universal Render Pipeline/Particles/Lit': fallback shader 'Universal Render Pipeline/Particles/SimpleLit' not found
Launched and connected shader compiler UnityShaderCompiler.exe after 0.07 seconds
Refreshing native plugins compatible for Editor in 0.63 ms, found 0 plugins.
Preloading 0 native plugins for Editor in 0.00 ms.
Unloading 2866 Unused Serialized files (Serialized files now loaded: 0)
System memory in use before: 139.4 MB.
System memory in use after: 139.6 MB.

Unloading 9 unused Assets to reduce memory usage. Loaded Objects now: 3333.
Total: 2.270100 ms (FindLiveObjects: 0.243600 ms CreateObjectMapping: 0.111200 ms MarkObjects: 1.838600 ms  DeleteObjects: 0.075700 ms)

========================================================================
Received Import Request.
  path: Assets/01/p_cf_head_01.prefab
  artifactKey: Guid(32d6dbd134714b0479d9d8d020730ace) Importer(815301076,1909f56bfc062723c751e8b465ee728b)
Start importing Assets/01/p_cf_head_01.prefab using Guid(32d6dbd134714b0479d9d8d020730ace) Importer(815301076,1909f56bfc062723c751e8b465ee728b)  -> (artifact id: 'b07abf815c2efd7f87a69863cbe33de4') in 0.477048 seconds 
========================================================================
Received Import Request.
  Time since last request: 1621.182233 seconds.
  path: Assets/01/OBJ.cs
  artifactKey: Guid(d6a95510d94d31545a263bd18883aab3) Importer(815301076,1909f56bfc062723c751e8b465ee728b)
Start importing Assets/01/OBJ.cs using Guid(d6a95510d94d31545a263bd18883aab3) Importer(815301076,1909f56bfc062723c751e8b465ee728b)  -> (artifact id: '321a4f349d681731b6f3c7f0630691ec') in 0.008001 seconds 
========================================================================
Received Prepare
Registering precompiled user dll's ...
Registered in 0.001741 seconds.
Begin MonoManager ReloadAssembly
Native extension for WindowsStandalone target not found
Refreshing native plugins compatible for Editor in 0.92 ms, found 0 plugins.
Preloading 0 native plugins for Editor in 0.00 ms.
Mono: successfully reloaded assembly
- Completed reload, in  1.019 seconds
Platform modules already initialized, skipping
Shader 'Universal Render Pipeline/Particles/Lit': fallback shader 'Universal Render Pipeline/Particles/SimpleLit' not found
Refreshing native plugins compatible for Editor in 0.71 ms, found 0 plugins.
Preloading 0 native plugins for Editor in 0.00 ms.
Unloading 2746 Unused Serialized files (Serialized files now loaded: 0)
System memory in use before: 150.8 MB.
System memory in use after: 151.0 MB.

Unloading 4 unused Assets to reduce memory usage. Loaded Objects now: 3383.
Total: 2.275800 ms (FindLiveObjects: 0.261000 ms CreateObjectMapping: 0.107500 ms MarkObjects: 1.891300 ms  DeleteObjects: 0.015000 ms)

========================================================================
Received Prepare
Registering precompiled user dll's ...
Registered in 0.000825 seconds.
Begin MonoManager ReloadAssembly
Native extension for WindowsStandalone target not found
Refreshing native plugins compatible for Editor in 0.57 ms, found 0 plugins.
Preloading 0 native plugins for Editor in 0.00 ms.
Mono: successfully reloaded assembly
- Completed reload, in  0.855 seconds
Platform modules already initialized, skipping
Shader 'Universal Render Pipeline/Particles/Lit': fallback shader 'Universal Render Pipeline/Particles/SimpleLit' not found
Refreshing native plugins compatible for Editor in 0.60 ms, found 0 plugins.
Preloading 0 native plugins for Editor in 0.00 ms.
Unloading 2745 Unused Serialized files (Serialized files now loaded: 0)
System memory in use before: 150.8 MB.
System memory in use after: 151.0 MB.

Unloading 4 unused Assets to reduce memory usage. Loaded Objects now: 3386.
Total: 2.488100 ms (FindLiveObjects: 0.359100 ms CreateObjectMapping: 0.110800 ms MarkObjects: 2.000700 ms  DeleteObjects: 0.016400 ms)

========================================================================
Received Import Request.
  Time since last request: 6682.868904 seconds.
  path: Assets/01/head.fbx
  artifactKey: Guid(86520c4f0341f6d43b25b49381a6a708) Importer(815301076,1909f56bfc062723c751e8b465ee728b)
Start importing Assets/01/head.fbx using Guid(86520c4f0341f6d43b25b49381a6a708) Importer(815301076,1909f56bfc062723c751e8b465ee728b)  -> (artifact id: 'f506df844fc18ede9dd9dd32ed40ce01') in 0.758462 seconds 
========================================================================
Received Import Request.
  Time since last request: 4179.114380 seconds.
  path: Assets/01/MeshControl.cs
  artifactKey: Guid(8ef89acc2a03b5244a1b29efe699520d) Importer(815301076,1909f56bfc062723c751e8b465ee728b)
Start importing Assets/01/MeshControl.cs using Guid(8ef89acc2a03b5244a1b29efe699520d) Importer(815301076,1909f56bfc062723c751e8b465ee728b)  -> (artifact id: 'ba1fb92bf15406fc0d4d9cdfe1d22ac8') in 0.003525 seconds 
========================================================================
Received Import Request.
  Time since last request: 4.970099 seconds.
  path: Assets/01/MeshControl.cs
  artifactKey: Guid(8ef89acc2a03b5244a1b29efe699520d) Importer(815301076,1909f56bfc062723c751e8b465ee728b)
Start importing Assets/01/MeshControl.cs using Guid(8ef89acc2a03b5244a1b29efe699520d) Importer(815301076,1909f56bfc062723c751e8b465ee728b)  -> (artifact id: '5c924390077fd723a06c7e96b5c07714') in 0.002243 seconds 
========================================================================
Received Import Request.
  Time since last request: 111.843878 seconds.
  path: Assets/01/MeshControl.cs
  artifactKey: Guid(8ef89acc2a03b5244a1b29efe699520d) Importer(815301076,1909f56bfc062723c751e8b465ee728b)
Start importing Assets/01/MeshControl.cs using Guid(8ef89acc2a03b5244a1b29efe699520d) Importer(815301076,1909f56bfc062723c751e8b465ee728b)  -> (artifact id: '5ff1482cb376e1a57596ad6e171edd8a') in 0.002213 seconds 
========================================================================
Received Import Request.
  Time since last request: 167.573813 seconds.
  path: Assets/01/MeshControl.cs
  artifactKey: Guid(8ef89acc2a03b5244a1b29efe699520d) Importer(815301076,1909f56bfc062723c751e8b465ee728b)
Start importing Assets/01/MeshControl.cs using Guid(8ef89acc2a03b5244a1b29efe699520d) Importer(815301076,1909f56bfc062723c751e8b465ee728b)  -> (artifact id: 'b4458af01bcdcfb923c605568575151a') in 0.002956 seconds 
========================================================================
Received Prepare
Registering precompiled user dll's ...
Registered in 0.000886 seconds.
Begin MonoManager ReloadAssembly
Native extension for WindowsStandalone target not found
Refreshing native plugins compatible for Editor in 0.63 ms, found 0 plugins.
Preloading 0 native plugins for Editor in 0.00 ms.
Mono: successfully reloaded assembly
- Completed reload, in  1.184 seconds
Platform modules already initialized, skipping
Shader 'Universal Render Pipeline/Particles/Lit': fallback shader 'Universal Render Pipeline/Particles/SimpleLit' not found
Refreshing native plugins compatible for Editor in 0.58 ms, found 0 plugins.
Preloading 0 native plugins for Editor in 0.00 ms.
Unloading 2745 Unused Serialized files (Serialized files now loaded: 0)
System memory in use before: 151.3 MB.
System memory in use after: 151.5 MB.

Unloading 4 unused Assets to reduce memory usage. Loaded Objects now: 3461.
Total: 2.382200 ms (FindLiveObjects: 0.250400 ms CreateObjectMapping: 0.115300 ms MarkObjects: 1.982600 ms  DeleteObjects: 0.032800 ms)

========================================================================
Received Import Request.
  Time since last request: 127.735625 seconds.
  path: Assets/01/MeshControl.cs
  artifactKey: Guid(8ef89acc2a03b5244a1b29efe699520d) Importer(815301076,1909f56bfc062723c751e8b465ee728b)
Start importing Assets/01/MeshControl.cs using Guid(8ef89acc2a03b5244a1b29efe699520d) Importer(815301076,1909f56bfc062723c751e8b465ee728b)  -> (artifact id: '245c23b494ec6ddfa0df5992da3c2531') in 0.005098 seconds 
========================================================================
Received Import Request.
  Time since last request: 0.000305 seconds.
  path: Assets/01/p_cf_head_01.prefab
  artifactKey: Guid(32d6dbd134714b0479d9d8d020730ace) Importer(815301076,1909f56bfc062723c751e8b465ee728b)
Start importing Assets/01/p_cf_head_01.prefab using Guid(32d6dbd134714b0479d9d8d020730ace) Importer(815301076,1909f56bfc062723c751e8b465ee728b)  -> (artifact id: '53a0197cb4979f7c640763a5727a70b7') in 0.372067 seconds 
========================================================================
Received Prepare
Registering precompiled user dll's ...
Registered in 0.000652 seconds.
Begin MonoManager ReloadAssembly
Native extension for WindowsStandalone target not found
Refreshing native plugins compatible for Editor in 0.36 ms, found 0 plugins.
Preloading 0 native plugins for Editor in 0.00 ms.
Mono: successfully reloaded assembly
- Completed reload, in  0.864 seconds
Platform modules already initialized, skipping
Shader 'Universal Render Pipeline/Particles/Lit': fallback shader 'Universal Render Pipeline/Particles/SimpleLit' not found
Refreshing native plugins compatible for Editor in 0.44 ms, found 0 plugins.
Preloading 0 native plugins for Editor in 0.00 ms.
Unloading 2344 Unused Serialized files (Serialized files now loaded: 0)
System memory in use before: 143.2 MB.
System memory in use after: 143.4 MB.

Unloading 4 unused Assets to reduce memory usage. Loaded Objects now: 3500.
Total: 2.235100 ms (FindLiveObjects: 0.273900 ms CreateObjectMapping: 0.166900 ms MarkObjects: 1.778600 ms  DeleteObjects: 0.015100 ms)

========================================================================
Received Prepare
Registering precompiled user dll's ...
Registered in 0.000619 seconds.
Begin MonoManager ReloadAssembly
Native extension for WindowsStandalone target not found
Refreshing native plugins compatible for Editor in 0.34 ms, found 0 plugins.
Preloading 0 native plugins for Editor in 0.00 ms.
Mono: successfully reloaded assembly
- Completed reload, in  1.095 seconds
Platform modules already initialized, skipping
Switching render pipeline 19ba41d7c0026c3459d37c2fe90c55a0 -> 00000000000000000000000000000000
Shader 'Universal Render Pipeline/Particles/Lit': fallback shader 'Universal Render Pipeline/Particles/SimpleLit' not found
Refreshing native plugins compatible for Editor in 0.47 ms, found 0 plugins.
Preloading 0 native plugins for Editor in 0.00 ms.
Unloading 2339 Unused Serialized files (Serialized files now loaded: 0)
System memory in use before: 143.2 MB.
System memory in use after: 143.4 MB.

Unloading 4 unused Assets to reduce memory usage. Loaded Objects now: 3503.
Total: 4.411000 ms (FindLiveObjects: 0.597000 ms CreateObjectMapping: 0.169800 ms MarkObjects: 3.604000 ms  DeleteObjects: 0.039000 ms)

========================================================================
Received Prepare
Registering precompiled user dll's ...
Registered in 0.001186 seconds.
Begin MonoManager ReloadAssembly
Native extension for WindowsStandalone target not found
Refreshing native plugins compatible for Editor in 0.40 ms, found 0 plugins.
Preloading 0 native plugins for Editor in 0.00 ms.
Mono: successfully reloaded assembly
- Completed reload, in  1.250 seconds
Platform modules already initialized, skipping
Shader 'Universal Render Pipeline/Particles/Lit': fallback shader 'Universal Render Pipeline/Particles/SimpleLit' not found
Refreshing native plugins compatible for Editor in 0.41 ms, found 0 plugins.
Preloading 0 native plugins for Editor in 0.00 ms.
Unloading 2344 Unused Serialized files (Serialized files now loaded: 0)
System memory in use before: 143.2 MB.
System memory in use after: 143.4 MB.

Unloading 4 unused Assets to reduce memory usage. Loaded Objects now: 3506.
Total: 5.510100 ms (FindLiveObjects: 0.726400 ms CreateObjectMapping: 0.466300 ms MarkObjects: 4.260600 ms  DeleteObjects: 0.055300 ms)

========================================================================
Received Import Request.
  Time since last request: 431.613056 seconds.
  path: Assets/01/New Material.mat
  artifactKey: Guid(a316192bf29170f4588ab4f66b9bbd34) Importer(815301076,1909f56bfc062723c751e8b465ee728b)
Start importing Assets/01/New Material.mat using Guid(a316192bf29170f4588ab4f66b9bbd34) Importer(815301076,1909f56bfc062723c751e8b465ee728b)  -> (artifact id: '33ddc65e65a4bd529938c9ded005af69') in 0.202960 seconds 
AssetImportWorkerClient::OnTransportError - code=2 error=End of file
